<?xml version="1.0" encoding="utf-8"?><testsuites name="pytest tests"><testsuite name="pytest" errors="0" failures="0" skipped="0" tests="9" time="5.773" timestamp="2026-04-02T05:58:31.009844+00:00" hostname="agent-env-f6beb396-7802-44bb-85e9-b5110b48a16a"><testcase classname="backend.tests.test_hours_minutes_feature.TestHoursMinutesFeature" name="test_calculate_with_decimal_hours_1h30m" time="0.695" /><testcase classname="backend.tests.test_hours_minutes_feature.TestHoursMinutesFeature" name="test_calculate_with_decimal_hours_2h45m" time="0.539" /><testcase classname="backend.tests.test_hours_minutes_feature.TestHoursMinutesFeature" name="test_create_sale_with_decimal_hours" time="0.661" /><testcase classname="backend.tests.test_hours_minutes_feature.TestHoursMinutesFeature" name="test_recent_sales_returns_decimal_hours" time="0.658" /><testcase classname="backend.tests.test_hours_minutes_feature.TestPaidUnpaidToggle" name="test_toggle_paid_status_to_true" time="0.661" /><testcase classname="backend.tests.test_hours_minutes_feature.TestPaidUnpaidToggle" name="test_toggle_paid_status_to_false" time="0.735" /><testcase classname="backend.tests.test_hours_minutes_feature.TestPaidUnpaidToggle" name="test_toggle_nonexistent_sale_returns_404" time="0.590" /><testcase classname="backend.tests.test_hours_minutes_feature.TestCalculatorEndpoint" name="test_calculate_with_zero_minutes" time="0.497" /><testcase classname="backend.tests.test_hours_minutes_feature.TestCalculatorEndpoint" name="test_calculate_with_only_minutes" time="0.488" /></testsuite></testsuites>