<?xml version="1.0" encoding="utf-8"?><testsuites name="pytest tests"><testsuite name="pytest" errors="0" failures="0" skipped="0" tests="20" time="4.587" timestamp="2026-04-06T16:57:53.072977+00:00" hostname="agent-env-f6beb396-7802-44bb-85e9-b5110b48a16a"><testcase classname="backend.tests.test_new_features_v2.TestProductsCRUD" name="test_get_products_requires_auth" time="0.499" /><testcase classname="backend.tests.test_new_features_v2.TestProductsCRUD" name="test_get_products_returns_list" time="0.059" /><testcase classname="backend.tests.test_new_features_v2.TestProductsCRUD" name="test_create_product" time="0.104" /><testcase classname="backend.tests.test_new_features_v2.TestProductsCRUD" name="test_create_product_with_photo" time="0.097" /><testcase classname="backend.tests.test_new_features_v2.TestProductsCRUD" name="test_update_product" time="0.154" /><testcase classname="backend.tests.test_new_features_v2.TestProductsCRUD" name="test_delete_product" time="0.152" /><testcase classname="backend.tests.test_new_features_v2.TestPublicEndpoints" name="test_public_listino_no_auth" time="0.114" /><testcase classname="backend.tests.test_new_features_v2.TestPublicEndpoints" name="test_public_listino_returns_only_public_products" time="0.342" /><testcase classname="backend.tests.test_new_features_v2.TestPublicEndpoints" name="test_public_landing_no_auth" time="0.129" /><testcase classname="backend.tests.test_new_features_v2.TestPublicEndpoints" name="test_public_contact_form_no_auth" time="1.701" /><testcase classname="backend.tests.test_new_features_v2.TestPublicEndpoints" name="test_public_contact_form_validation" time="0.103" /><testcase classname="backend.tests.test_new_features_v2.TestAdminLandingSettings" name="test_get_landing_settings_requires_admin" time="0.132" /><testcase classname="backend.tests.test_new_features_v2.TestAdminLandingSettings" name="test_get_landing_settings" time="0.055" /><testcase classname="backend.tests.test_new_features_v2.TestAdminLandingSettings" name="test_update_landing_settings" time="0.169" /><testcase classname="backend.tests.test_new_features_v2.TestAdminContactRequests" name="test_get_contact_requests_requires_admin" time="0.112" /><testcase classname="backend.tests.test_new_features_v2.TestAdminContactRequests" name="test_get_contact_requests" time="0.059" /><testcase classname="backend.tests.test_new_features_v2.Test3MFImport" name="test_3mf_import_requires_auth" time="0.113" /><testcase classname="backend.tests.test_new_features_v2.Test3MFImport" name="test_3mf_import_rejects_non_3mf" time="0.106" /><testcase classname="backend.tests.test_new_features_v2.Test3MFImport" name="test_3mf_import_with_valid_file" time="0.115" /><testcase classname="backend.tests.test_new_features_v2.Test3MFImport" name="test_3mf_import_with_multiple_plates" time="0.203" /></testsuite></testsuites>