<?xml version="1.0" encoding="utf-8"?><testsuites name="pytest tests"><testsuite name="pytest" errors="0" failures="0" skipped="0" tests="11" time="2.490" timestamp="2026-07-01T10:29:38.328045+00:00" hostname="agent-env-f6beb396-7802-44bb-85e9-b5110b48a16a"><testcase classname="backend.tests.test_affiliate_stats_placements.TestStatsAuth" name="test_stats_requires_auth" time="0.283" /><testcase classname="backend.tests.test_affiliate_stats_placements.TestStatsContract" name="test_stats_default_days_shape" time="0.443" /><testcase classname="backend.tests.test_affiliate_stats_placements.TestStatsContract" name="test_days_clamped_low" time="0.044" /><testcase classname="backend.tests.test_affiliate_stats_placements.TestStatsContract" name="test_days_clamped_high" time="0.083" /><testcase classname="backend.tests.test_affiliate_stats_placements.TestStatsContract" name="test_days_negative_clamped" time="0.047" /><testcase classname="backend.tests.test_affiliate_stats_placements.TestStatsContract" name="test_days_14_and_30" time="0.106" /><testcase classname="backend.tests.test_affiliate_stats_placements.TestNewPlacements" name="test_filaments_low_stock_returns_200" time="0.052" /><testcase classname="backend.tests.test_affiliate_stats_placements.TestNewPlacements" name="test_dashboard_returns_200" time="0.047" /><testcase classname="backend.tests.test_affiliate_stats_placements.TestNewPlacements" name="test_invalid_placement_still_400" time="0.060" /><testcase classname="backend.tests.test_affiliate_stats_placements.TestEndToEndNewPlacements" name="test_create_link_low_stock_and_track_click" time="0.834" /><testcase classname="backend.tests.test_affiliate_stats_placements.TestEndToEndNewPlacements" name="test_create_link_dashboard_placement" time="0.135" /></testsuite></testsuites>