<?xml version="1.0" encoding="utf-8"?><testsuites name="pytest tests"><testsuite name="pytest" errors="0" failures="0" skipped="0" tests="20" time="7.707" timestamp="2026-04-03T09:35:05.147152+00:00" hostname="agent-env-f6beb396-7802-44bb-85e9-b5110b48a16a"><testcase classname="backend.tests.test_admin_auth_features.TestAdminStats" name="test_admin_stats_returns_correct_structure" time="0.448" /><testcase classname="backend.tests.test_admin_auth_features.TestAdminStats" name="test_admin_stats_requires_admin" time="0.375" /><testcase classname="backend.tests.test_admin_auth_features.TestAdminUserManagement" name="test_admin_get_users_list" time="0.042" /><testcase classname="backend.tests.test_admin_auth_features.TestAdminUserManagement" name="test_admin_verify_user" time="0.495" /><testcase classname="backend.tests.test_admin_auth_features.TestAdminUserManagement" name="test_admin_toggle_admin_status" time="0.486" /><testcase classname="backend.tests.test_admin_auth_features.TestAdminUserManagement" name="test_admin_delete_user" time="0.396" /><testcase classname="backend.tests.test_admin_auth_features.TestAdminUserManagement" name="test_admin_cannot_delete_self" time="0.085" /><testcase classname="backend.tests.test_admin_auth_features.TestAdminUserManagement" name="test_admin_endpoints_require_admin" time="0.316" /><testcase classname="backend.tests.test_admin_auth_features.TestPasswordRecovery" name="test_forgot_password_creates_reset_token" time="0.572" /><testcase classname="backend.tests.test_admin_auth_features.TestPasswordRecovery" name="test_forgot_password_nonexistent_email_returns_success" time="0.105" /><testcase classname="backend.tests.test_admin_auth_features.TestPasswordRecovery" name="test_reset_password_with_valid_token" time="1.133" /><testcase classname="backend.tests.test_admin_auth_features.TestPasswordRecovery" name="test_reset_password_invalid_token" time="0.096" /><testcase classname="backend.tests.test_admin_auth_features.TestPasswordRecovery" name="test_reset_token_cannot_be_reused" time="0.971" /><testcase classname="backend.tests.test_admin_auth_features.TestEmailVerification" name="test_register_creates_unverified_user" time="0.441" /><testcase classname="backend.tests.test_admin_auth_features.TestEmailVerification" name="test_verify_email_with_valid_token" time="0.543" /><testcase classname="backend.tests.test_admin_auth_features.TestEmailVerification" name="test_verify_email_invalid_token" time="0.100" /><testcase classname="backend.tests.test_admin_auth_features.TestNewsletter" name="test_send_newsletter_creates_entry" time="0.093" /><testcase classname="backend.tests.test_admin_auth_features.TestNewsletter" name="test_get_newsletters_list" time="0.045" /><testcase classname="backend.tests.test_admin_auth_features.TestEmailLogs" name="test_get_email_logs" time="0.043" /><testcase classname="backend.tests.test_admin_auth_features.TestEmailLogs" name="test_email_logs_contain_links" time="0.813" /></testsuite></testsuites>