<?xml version="1.0" encoding="utf-8"?><testsuites name="pytest tests"><testsuite name="pytest" errors="0" failures="0" skipped="0" tests="19" time="3.285" timestamp="2026-06-01T19:09:00.656844+00:00" hostname="agent-env-f6beb396-7802-44bb-85e9-b5110b48a16a"><testcase classname="backend.tests.test_affiliate_links.TestAuthGating" name="test_admin_list_requires_auth" time="0.336" /><testcase classname="backend.tests.test_affiliate_links.TestAuthGating" name="test_admin_create_requires_auth" time="0.065" /><testcase classname="backend.tests.test_affiliate_links.TestAuthGating" name="test_admin_update_requires_auth" time="0.055" /><testcase classname="backend.tests.test_affiliate_links.TestAuthGating" name="test_admin_delete_requires_auth" time="0.055" /><testcase classname="backend.tests.test_affiliate_links.TestAdminCRUD" name="test_admin_list_returns_created" time="0.724" /><testcase classname="backend.tests.test_affiliate_links.TestAdminCRUD" name="test_admin_update_persists" time="0.157" /><testcase classname="backend.tests.test_affiliate_links.TestAdminCRUD" name="test_admin_delete_persists" time="0.175" /><testcase classname="backend.tests.test_affiliate_links.TestPublicEndpoint" name="test_invalid_placement_returns_400" time="0.060" /><testcase classname="backend.tests.test_affiliate_links.TestPublicEndpoint" name="test_valid_placements_return_200[guida]" time="0.071" /><testcase classname="backend.tests.test_affiliate_links.TestPublicEndpoint" name="test_valid_placements_return_200[shop_footer]" time="0.059" /><testcase classname="backend.tests.test_affiliate_links.TestPublicEndpoint" name="test_valid_placements_return_200[calculator]" time="0.060" /><testcase classname="backend.tests.test_affiliate_links.TestPublicEndpoint" name="test_valid_placements_return_200[demo]" time="0.062" /><testcase classname="backend.tests.test_affiliate_links.TestPublicEndpoint" name="test_guida_returns_active_only" time="0.061" /><testcase classname="backend.tests.test_affiliate_links.TestPublicEndpoint" name="test_shop_footer_filters_by_placement" time="0.061" /><testcase classname="backend.tests.test_affiliate_links.TestPublicEndpoint" name="test_calculator_includes_multi_placement" time="0.060" /><testcase classname="backend.tests.test_affiliate_links.TestPublicEndpoint" name="test_public_does_not_expose_clicks" time="0.058" /><testcase classname="backend.tests.test_affiliate_links.TestPublicEndpoint" name="test_public_sort_order" time="0.407" /><testcase classname="backend.tests.test_affiliate_links.TestClickTracking" name="test_click_increments_and_returns_url" time="0.172" /><testcase classname="backend.tests.test_affiliate_links.TestClickTracking" name="test_click_unknown_id_returns_404" time="0.277" /></testsuite></testsuites>