<?xml version="1.0" encoding="utf-8"?><testsuites name="pytest tests"><testsuite name="pytest" errors="0" failures="0" skipped="0" tests="14" time="1.841" timestamp="2026-05-10T20:18:31.880393+00:00" hostname="agent-env-f6beb396-7802-44bb-85e9-b5110b48a16a"><testcase classname="backend.tests.test_clients_quotes_export.TestClientsCRUD" name="test_create_client" time="0.560" /><testcase classname="backend.tests.test_clients_quotes_export.TestClientsCRUD" name="test_list_clients_includes_created" time="0.051" /><testcase classname="backend.tests.test_clients_quotes_export.TestClientsCRUD" name="test_update_client" time="0.100" /><testcase classname="backend.tests.test_clients_quotes_export.TestClientsCRUD" name="test_get_client_sales" time="0.051" /><testcase classname="backend.tests.test_clients_quotes_export.TestClientsCRUD" name="test_update_nonexistent_client_returns_404" time="0.051" /><testcase classname="backend.tests.test_clients_quotes_export.TestClientsCRUD" name="test_delete_client" time="0.108" /><testcase classname="backend.tests.test_clients_quotes_export.TestClientsCRUD" name="test_delete_nonexistent_client_returns_404" time="0.047" /><testcase classname="backend.tests.test_clients_quotes_export.TestBusinessSettings" name="test_get_business_settings" time="0.044" /><testcase classname="backend.tests.test_clients_quotes_export.TestBusinessSettings" name="test_update_business_settings_and_verify" time="0.098" /><testcase classname="backend.tests.test_clients_quotes_export.TestQuotePDF" name="test_generate_pdf_with_manual_client" time="0.056" /><testcase classname="backend.tests.test_clients_quotes_export.TestQuotePDF" name="test_generate_pdf_with_client_id" time="0.158" /><testcase classname="backend.tests.test_clients_quotes_export.TestQuotePDF" name="test_get_quotes_history" time="0.049" /><testcase classname="backend.tests.test_clients_quotes_export.TestCSVExports" name="test_export_filaments_csv" time="0.060" /><testcase classname="backend.tests.test_clients_quotes_export.TestCSVExports" name="test_export_clients_csv" time="0.156" /></testsuite></testsuites>