<?xml version="1.0" encoding="utf-8"?><testsuites name="pytest tests"><testsuite name="pytest" errors="0" failures="0" skipped="0" tests="15" time="22.560" timestamp="2026-04-06T16:00:36.275880+00:00" hostname="agent-env-f6beb396-7802-44bb-85e9-b5110b48a16a"><testcase classname="backend.tests.test_new_features.TestSiteSettings" name="test_get_site_settings_returns_defaults" time="0.587" /><testcase classname="backend.tests.test_new_features.TestSiteSettings" name="test_update_site_settings_brand_name" time="0.512" /><testcase classname="backend.tests.test_new_features.TestSiteSettings" name="test_update_site_settings_subtitle" time="0.538" /><testcase classname="backend.tests.test_new_features.TestSiteSettings" name="test_update_site_settings_colors" time="0.918" /><testcase classname="backend.tests.test_new_features.TestNewsletterScheduling" name="test_send_newsletter_immediately" time="13.037" /><testcase classname="backend.tests.test_new_features.TestNewsletterScheduling" name="test_schedule_newsletter_for_future" time="0.522" /><testcase classname="backend.tests.test_new_features.TestNewsletterScheduling" name="test_delete_newsletter" time="0.595" /><testcase classname="backend.tests.test_new_features.TestNewsletterScheduling" name="test_get_newsletters_list" time="0.404" /><testcase classname="backend.tests.test_new_features.TestBugReports" name="test_create_bug_report" time="0.412" /><testcase classname="backend.tests.test_new_features.TestBugReports" name="test_get_my_bug_reports" time="0.449" /><testcase classname="backend.tests.test_new_features.TestBugReports" name="test_admin_get_all_bug_reports" time="0.424" /><testcase classname="backend.tests.test_new_features.TestBugReports" name="test_admin_update_bug_report_status" time="0.574" /><testcase classname="backend.tests.test_new_features.TestBugReports" name="test_create_bug_report_with_screenshot" time="0.487" /><testcase classname="backend.tests.test_new_features.TestBugReports" name="test_screenshot_not_found" time="0.475" /><testcase classname="backend.tests.test_new_features.TestNonAdminAccess" name="test_non_admin_cannot_update_site_settings" time="2.396" /></testsuite></testsuites>