<?xml version="1.0" encoding="utf-8"?><testsuites name="pytest tests"><testsuite name="pytest" errors="0" failures="0" skipped="0" tests="13" time="13.951" timestamp="2026-05-06T14:22:46.535559+00:00" hostname="agent-env-f6beb396-7802-44bb-85e9-b5110b48a16a"><testcase classname="backend.tests.test_newsletter_3mf.TestNewsletter" name="test_admin_users_endpoint" time="0.456" /><testcase classname="backend.tests.test_newsletter_3mf.TestNewsletter" name="test_get_newsletters_empty_or_list" time="0.055" /><testcase classname="backend.tests.test_newsletter_3mf.TestNewsletter" name="test_create_newsletter_html_all_recipients" time="11.058" /><testcase classname="backend.tests.test_newsletter_3mf.TestNewsletter" name="test_create_newsletter_text_targeted" time="1.420" /><testcase classname="backend.tests.test_newsletter_3mf.TestNewsletter" name="test_create_newsletter_scheduled" time="0.140" /><testcase classname="backend.tests.test_newsletter_3mf.TestNewsletter" name="test_newsletter_history_strips_html" time="0.047" /><testcase classname="backend.tests.test_newsletter_3mf.TestNewsletter" name="test_newsletter_requires_admin" time="0.238" /><testcase classname="backend.tests.test_newsletter_3mf.TestImport3MF" name="test_import_3mf_requires_auth" time="0.133" /><testcase classname="backend.tests.test_newsletter_3mf.TestImport3MF" name="test_import_3mf_rejects_non_3mf" time="0.069" /><testcase classname="backend.tests.test_newsletter_3mf.TestImport3MF" name="test_import_3mf_bambu_plate_json" time="0.061" /><testcase classname="backend.tests.test_newsletter_3mf.TestImport3MF" name="test_import_3mf_creality_printticket" time="0.057" /><testcase classname="backend.tests.test_newsletter_3mf.TestImport3MF" name="test_import_3mf_gcode_fallback" time="0.052" /><testcase classname="backend.tests.test_newsletter_3mf.TestImport3MF" name="test_import_3mf_empty_zip_returns_400" time="0.049" /></testsuite></testsuites>