<?xml version="1.0" encoding="utf-8"?><testsuites name="pytest tests"><testsuite name="pytest" errors="0" failures="0" skipped="0" tests="11" time="4.728" timestamp="2026-05-16T07:03:41.124378+00:00" hostname="agent-env-f6beb396-7802-44bb-85e9-b5110b48a16a"><testcase classname="backend.tests.test_products_listino_inquiry.TestPublicListino" name="test_get_public_listino_shape" time="0.303" /><testcase classname="backend.tests.test_products_listino_inquiry.TestProductsCRUD" name="test_create_product_with_multiple_photos" time="0.389" /><testcase classname="backend.tests.test_products_listino_inquiry.TestProductsCRUD" name="test_get_products_returns_photos_array" time="0.054" /><testcase classname="backend.tests.test_products_listino_inquiry.TestProductsCRUD" name="test_create_product_legacy_photo_only" time="0.062" /><testcase classname="backend.tests.test_products_listino_inquiry.TestProductsCRUD" name="test_update_product_photos" time="0.102" /><testcase classname="backend.tests.test_products_listino_inquiry.TestProductsCRUD" name="test_public_listino_includes_created_public_product" time="0.159" /><testcase classname="backend.tests.test_products_listino_inquiry.TestProductsCRUD" name="test_products_requires_auth" time="0.143" /><testcase classname="backend.tests.test_products_listino_inquiry.TestProductInquiry" name="test_inquiry_for_product" time="1.584" /><testcase classname="backend.tests.test_products_listino_inquiry.TestProductInquiry" name="test_custom_inquiry_no_product_id" time="1.422" /><testcase classname="backend.tests.test_products_listino_inquiry.TestProductInquiry" name="test_inquiry_missing_required_fields" time="0.133" /><testcase classname="backend.tests.test_products_listino_inquiry.TestZCleanup" name="test_delete_created_products" time="0.138" /></testsuite></testsuites>