<?xml version="1.0" encoding="utf-8"?><testsuites name="pytest tests"><testsuite name="pytest" errors="0" failures="0" skipped="0" tests="8" time="2.142" timestamp="2026-05-08T19:49:26.948825+00:00" hostname="agent-env-f6beb396-7802-44bb-85e9-b5110b48a16a"><testcase classname="backend.tests.test_v04_sales_features.TestSalesBatchCreation" name="test_create_sale_quantity_1_creates_single_row" time="0.622" /><testcase classname="backend.tests.test_v04_sales_features.TestSalesBatchCreation" name="test_create_sale_quantity_4_creates_4_rows" time="0.067" /><testcase classname="backend.tests.test_v04_sales_features.TestSalesBatchCreation" name="test_batch_items_independently_payable" time="0.139" /><testcase classname="backend.tests.test_v04_sales_features.TestUpdateSale" name="test_patch_sale_price_recalculates_profit" time="0.197" /><testcase classname="backend.tests.test_v04_sales_features.TestUpdateSale" name="test_patch_sale_only_name" time="0.218" /><testcase classname="backend.tests.test_v04_sales_features.TestUpdateSale" name="test_patch_nonexistent_sale_returns_404" time="0.068" /><testcase classname="backend.tests.test_v04_sales_features.TestUnsliced3MF" name="test_unsliced_3mf_returns_specific_slicing_error" time="0.158" /><testcase classname="backend.tests.test_v04_sales_features.TestUnsliced3MF" name="test_empty_3mf_returns_generic_error" time="0.599" /></testsuite></testsuites>